<?xml version="1.0" encoding="UTF-8"?>
<!-- Generated by org.testng.reporters.JUnitReportReporter -->
<testsuite hostname="MdSpectre" failures="0" tests="2" name="test.LoginPageTest" time="70.419" errors="0" timestamp="01 Sep 2024 17:51:29 GMT" skipped="0">
  <testcase classname="test.LoginPageTest" name="pageTitleTest" time="34.645"/>
  <testcase classname="test.LoginPageTest" name="loginTest" time="35.774"/>
</testsuite> <!-- test.LoginPageTest -->
